[html.themeholy.com/tourm/demo/index.html]
[backblue.gif]
[fade.gif]
[index.html]
[html.themeholy.com/tourm/demo/assets/img/favicons/apple-icon-57x57.png]
[html.themeholy.com/tourm/demo/assets/img/favicons/apple-icon-60x60.png]
[html.themeholy.com/tourm/demo/assets/img/favicons/apple-icon-72x72.png]
[html.themeholy.com/tourm/demo/assets/img/favicons/apple-icon-76x76.png]
[html.themeholy.com/tourm/demo/assets/img/favicons/apple-icon-114x114.png]
[html.themeholy.com/tourm/demo/assets/img/favicons/apple-icon-120x120.png]
[html.themeholy.com/tourm/demo/assets/img/favicons/apple-icon-144x144.png]
[html.themeholy.com/tourm/demo/assets/img/favicons/apple-icon-152x152.png]
[html.themeholy.com/tourm/demo/assets/img/favicons/apple-icon-180x180.png]
[html.themeholy.com/tourm/demo/assets/img/favicons/android-icon-192x192.png]
[html.themeholy.com/tourm/demo/assets/img/favicons/favicon-32x32.png]
[html.themeholy.com/tourm/demo/assets/img/favicons/favicon-96x96.png]
[html.themeholy.com/tourm/demo/assets/img/favicons/favicon-16x16.png]
[html.themeholy.com/tourm/demo/assets/img/favicons/manifest.json]
[html.themeholy.com/tourm/demo/assets/img/favicons/ms-icon-144x144.png]
[html.themeholy.com/tourm/demo/assets/css/bootstrap.min.css]
[html.themeholy.com/tourm/demo/assets/css/magnific-popup.min.css]
[html.themeholy.com/tourm/demo/assets/css/fontawesome.min.css]
[html.themeholy.com/tourm/demo/assets/css/swiper-bundle.min.css]
[html.themeholy.com/tourm/demo/assets/css/style.css]
[html.themeholy.com/tourm/demo/home-travel.html]
[html.themeholy.com/tourm/demo/assets/img/logo2.svg]
[html.themeholy.com/tourm/demo/blog-details.html]
[html.themeholy.com/tourm/demo/assets/img/logo3.svg]
[html.themeholy.com/tourm/demo/assets/img/blog/recent-post-1-1.jpg]
[html.themeholy.com/tourm/demo/blog.html]
[html.themeholy.com/tourm/demo/assets/img/blog/recent-post-1-2.jpg]
[html.themeholy.com/tourm/demo/assets/img/icon/phone.svg]
[html.themeholy.com/tourm/demo/assets/img/icon/envelope.svg]
[html.themeholy.com/tourm/demo/assets/img/icon/location-dot.svg]
[html.themeholy.com/tourm/demo/home-tour.html]
[html.themeholy.com/tourm/demo/home-agency.html]
[html.themeholy.com/tourm/demo/home-yacht.html]
[html.themeholy.com/tourm/demo/home-beach.html]
[html.themeholy.com/tourm/demo/home-resort.html]
[html.themeholy.com/tourm/demo/home-countryside-hotel.html]
[html.themeholy.com/tourm/demo/home-forest.html]
[html.themeholy.com/tourm/demo/about.html]
[html.themeholy.com/tourm/demo/destination.html]
[html.themeholy.com/tourm/demo/destination-details.html]
[html.themeholy.com/tourm/demo/service.html]
[html.themeholy.com/tourm/demo/service-details.html]
[html.themeholy.com/tourm/demo/activities.html]
[html.themeholy.com/tourm/demo/activities-details.html]
[html.themeholy.com/tourm/demo/shop.html]
[html.themeholy.com/tourm/demo/shop-details.html]
[html.themeholy.com/tourm/demo/cart.html]
[html.themeholy.com/tourm/demo/checkout.html]
[html.themeholy.com/tourm/demo/wishlist.html]
[html.themeholy.com/tourm/demo/gallery.html]
[html.themeholy.com/tourm/demo/tour.html]
[html.themeholy.com/tourm/demo/tour-details.html]
[html.themeholy.com/tourm/demo/resort.html]
[html.themeholy.com/tourm/demo/resort-details.html]
[html.themeholy.com/tourm/demo/tour-guide.html]
[html.themeholy.com/tourm/demo/tour-guider-details.html]
[html.themeholy.com/tourm/demo/faq.html]
[html.themeholy.com/tourm/demo/price.html]
[html.themeholy.com/tourm/demo/error.html]
[html.themeholy.com/tourm/demo/contact.html]
[html.themeholy.com/tourm/demo/assets/img/pages/home-travel.jpg]
[html.themeholy.com/tourm/demo/assets/img/logo.svg]
[html.themeholy.com/tourm/demo/index-2.html]
[html.themeholy.com/tourm/demo/assets/img/pages/home-tour.jpg]
[html.themeholy.com/tourm/demo/assets/img/pages/home-agency.jpg]
[html.themeholy.com/tourm/demo/assets/img/pages/home-yacht.jpg]
[html.themeholy.com/tourm/demo/assets/img/pages/home-beach.jpg]
[html.themeholy.com/tourm/demo/assets/img/pages/home-resort.jpg]
[html.themeholy.com/tourm/demo/assets/img/pages/home-countryside-hotel.jpg]
[html.themeholy.com/tourm/demo/assets/img/pages/home-forest.jpg]
[html.themeholy.com/tourm/demo/assets/img/pages/home-hiking.jpg]
[html.themeholy.com/tourm/demo/home-hiking.html]
[html.themeholy.com/tourm/demo/assets/img/pages/home-hiking-2.jpg]
[html.themeholy.com/tourm/demo/home-hiking-2.html]
[html.themeholy.com/tourm/demo/assets/img/logo_bg_mask.png]
[html.themeholy.com/tourm/demo/assets/img/hero/hero_bg_1_1.jpg]
[html.themeholy.com/tourm/demo/assets/img/hero/hero_bg_1_2.jpg]
[html.themeholy.com/tourm/demo/assets/img/hero/hero_bg_1_3.jpg]
[html.themeholy.com/tourm/demo/assets/img/icon/right-arrow.svg]
[html.themeholy.com/tourm/demo/assets/img/icon/left-arrow.svg]
[html.themeholy.com/tourm/demo/assets/img/icon/search.svg]
[html.themeholy.com/tourm/demo/assets/img/bg/category_bg_1.png]
[html.themeholy.com/tourm/demo/assets/img/category/category_1_1.jpg]
[html.themeholy.com/tourm/demo/assets/img/category/category_1_2.jpg]
[html.themeholy.com/tourm/demo/assets/img/category/category_1_3.jpg]
[html.themeholy.com/tourm/demo/assets/img/category/category_1_4.jpg]
[html.themeholy.com/tourm/demo/assets/img/category/category_1_5.jpg]
[html.themeholy.com/tourm/demo/assets/img/destination/destination_1_1.jpg]
[html.themeholy.com/tourm/demo/assets/img/destination/destination_1_2.jpg]
[html.themeholy.com/tourm/demo/assets/img/destination/destination_1_3.jpg]
[html.themeholy.com/tourm/demo/assets/img/destination/destination_1_4.jpg]
[html.themeholy.com/tourm/demo/assets/img/destination/destination_1_5.jpg]
[html.themeholy.com/tourm/demo/assets/img/normal/about_1_1.jpg]
[html.themeholy.com/tourm/demo/assets/img/normal/about_1_2.jpg]
[html.themeholy.com/tourm/demo/assets/img/normal/about_1_3.jpg]
[html.themeholy.com/tourm/demo/assets/img/icon/map3.svg]
[html.themeholy.com/tourm/demo/assets/img/icon/guide.svg]
[html.themeholy.com/tourm/demo/assets/img/shape/shape_1.png]
[html.themeholy.com/tourm/demo/assets/img/shape/shape_2.png]
[html.themeholy.com/tourm/demo/assets/img/shape/shape_3.png]
[html.themeholy.com/tourm/demo/assets/img/normal/about-slide-img.png]
[html.themeholy.com/tourm/demo/assets/img/icon/emoji.png]
[html.themeholy.com/tourm/demo/assets/img/bg/tour_bg_1.jpg]
[html.themeholy.com/tourm/demo/assets/img/tour/tour_box_1.jpg]
[html.themeholy.com/tourm/demo/assets/img/tour/tour_box_2.jpg]
[html.themeholy.com/tourm/demo/assets/img/tour/tour_box_3.jpg]
[html.themeholy.com/tourm/demo/assets/img/tour/tour_box_4.jpg]
[html.themeholy.com/tourm/demo/assets/img/gallery/gallery_1_1.jpg]
[html.themeholy.com/tourm/demo/assets/img/gallery/gallery_1_2.jpg]
[html.themeholy.com/tourm/demo/assets/img/gallery/gallery_1_3.jpg]
[html.themeholy.com/tourm/demo/assets/img/gallery/gallery_1_4.jpg]
[html.themeholy.com/tourm/demo/assets/img/gallery/gallery_1_5.jpg]
[html.themeholy.com/tourm/demo/assets/img/gallery/gallery_1_6.jpg]
[html.themeholy.com/tourm/demo/assets/img/gallery/gallery_1_7.jpg]
[html.themeholy.com/tourm/demo/assets/img/shape/line.png]
[html.themeholy.com/tourm/demo/assets/img/shape/shape_4.png]
[html.themeholy.com/tourm/demo/assets/img/shape/shape_6.png]
[html.themeholy.com/tourm/demo/assets/img/shape/shape_5.png]
[html.themeholy.com/tourm/demo/assets/img/bg/team_bg_1.png]
[html.themeholy.com/tourm/demo/assets/img/team/team_1_1.jpg]
[html.themeholy.com/tourm/demo/assets/img/team/team_1_2.jpg]
[html.themeholy.com/tourm/demo/assets/img/team/team_1_3.jpg]
[html.themeholy.com/tourm/demo/assets/img/team/team_1_4.jpg]
[html.themeholy.com/tourm/demo/assets/img/testimonial/testi_1_1.jpg]
[html.themeholy.com/tourm/demo/assets/img/icon/testi-quote.svg]
[html.themeholy.com/tourm/demo/assets/img/testimonial/testi_1_2.jpg]
[html.themeholy.com/tourm/demo/assets/img/shape/line2.png]
[html.themeholy.com/tourm/demo/assets/img/shape/shape_7.png]
[html.themeholy.com/tourm/demo/assets/img/brand/brand_1_1.svg]
[html.themeholy.com/tourm/demo/assets/img/brand/brand_1_2.svg]
[html.themeholy.com/tourm/demo/assets/img/brand/brand_1_3.svg]
[html.themeholy.com/tourm/demo/assets/img/brand/brand_1_4.svg]
[html.themeholy.com/tourm/demo/assets/img/brand/brand_1_5.svg]
[html.themeholy.com/tourm/demo/assets/img/brand/brand_1_6.svg]
[html.themeholy.com/tourm/demo/assets/img/brand/brand_1_7.svg]
[html.themeholy.com/tourm/demo/assets/img/brand/brand_1_8.svg]
[html.themeholy.com/tourm/demo/assets/img/blog/blog_1_1.jpg]
[html.themeholy.com/tourm/demo/assets/img/blog/blog_1_2.jpg]
[html.themeholy.com/tourm/demo/assets/img/blog/blog_1_3.jpg]
[html.themeholy.com/tourm/demo/assets/img/icon/plane.svg]
[html.themeholy.com/tourm/demo/assets/img/widget/gallery_1_1.jpg]
[html.themeholy.com/tourm/demo/assets/img/widget/gallery_1_2.jpg]
[html.themeholy.com/tourm/demo/assets/img/widget/gallery_1_3.jpg]
[html.themeholy.com/tourm/demo/assets/img/widget/gallery_1_4.jpg]
[html.themeholy.com/tourm/demo/assets/img/widget/gallery_1_5.jpg]
[html.themeholy.com/tourm/demo/assets/img/widget/gallery_1_6.jpg]
[html.themeholy.com/tourm/demo/assets/img/bg/copyright_bg_1.jpg]
[html.themeholy.com/tourm/demo/assets/img/shape/cards.png]
[html.themeholy.com/tourm/demo/my-account.html]
[html.themeholy.com/tourm/demo/assets/js/vendor/jquery-3.6.0.min.js]
[html.themeholy.com/tourm/demo/assets/js/swiper-bundle.min.js]
[html.themeholy.com/tourm/demo/assets/js/bootstrap.min.js]
[html.themeholy.com/tourm/demo/assets/js/jquery.magnific-popup.min.js]
[html.themeholy.com/tourm/demo/assets/js/jquery.counterup.min.js]
[html.themeholy.com/tourm/demo/assets/js/jquery-ui.min.js]
[html.themeholy.com/tourm/demo/assets/js/imagesloaded.pkgd.min.js]
[html.themeholy.com/tourm/demo/assets/js/isotope.pkgd.min.js]
[html.themeholy.com/tourm/demo/assets/js/gsap.min.js]
[html.themeholy.com/tourm/demo/assets/js/circle-progress.js]
[html.themeholy.com/tourm/demo/assets/js/matter.min.js]
[html.themeholy.com/tourm/demo/assets/js/matterjs-custom.js]
[html.themeholy.com/tourm/demo/assets/js/nice-select.min.js]
[html.themeholy.com/tourm/demo/assets/js/main.js]
[html.themeholy.com/tourm/demo/index.html]
[html.themeholy.com/tourm/demo/assets/css/bootstrap.min.css]
[html.themeholy.com/tourm/demo/assets/fonts/fontawesome/fa-brands-400.woff2]
[html.themeholy.com/tourm/demo/assets/fonts/fontawesome/fa-brands-400.ttf]
[html.themeholy.com/tourm/demo/assets/fonts/fontawesome/fa-duotone-900.woff2]
[html.themeholy.com/tourm/demo/assets/fonts/fontawesome/fa-light-300.woff2]
[html.themeholy.com/tourm/demo/assets/fonts/fontawesome/fa-duotone-900.ttf]
[html.themeholy.com/tourm/demo/assets/fonts/fontawesome/fa-regular-400.woff2]
[html.themeholy.com/tourm/demo/assets/fonts/fontawesome/fa-solid-900.woff2]
[html.themeholy.com/tourm/demo/assets/fonts/fontawesome/fa-regular-400.ttf]
[html.themeholy.com/tourm/demo/assets/fonts/fontawesome/fa-light-300.ttf]
[html.themeholy.com/tourm/demo/assets/fonts/fontawesome/fa-solid-900.ttf]
[html.themeholy.com/tourm/demo/assets/fonts/fontawesome/fa-thin-100.woff2]
[html.themeholy.com/tourm/demo/assets/css/fontawesome.min.css]
[html.themeholy.com/tourm/demo/assets/css/magnific-popup.min.css]
[html.themeholy.com/tourm/demo/assets/css/swiper-bundle.min.css]
[html.themeholy.com/tourm/demo/assets/img/icon/arrow-right.svg]
[html.themeholy.com/tourm/demo/assets/fonts/fontawesome/fa-thin-100.ttf]
[html.themeholy.com/tourm/demo/assets/img/bg/hero_bg_6_1.png]
[html.themeholy.com/tourm/demo/assets/img/testimonial/testi_shape_2.png]
[html.themeholy.com/tourm/demo/assets/img/normal/price-shape.png]
[html.themeholy.com/tourm/demo/assets/img/normal/price-shape2.png]
[html.themeholy.com/tourm/demo/assets/img/icon/arrow-right2.svg]
[html.themeholy.com/tourm/demo/assets/img/icon/arrow-right3.svg]
[html.themeholy.com/tourm/demo/assets/css/style.css]
[html.themeholy.com/tourm/demo/assets/img/normal/shape.svg]
[html.themeholy.com/tourm/demo/assets/img/logo3.svg]
[html.themeholy.com/tourm/demo/home-travel.html]
[html.themeholy.com/tourm/demo/assets/img/logo2.svg]
[html.themeholy.com/tourm/demo/assets/img/bg/breadcumb-bg.jpg]
[html.themeholy.com/tourm/demo/assets/img/blog/blog-s-1-4.jpg]
[html.themeholy.com/tourm/demo/assets/img/icon/map.svg]
[html.themeholy.com/tourm/demo/assets/img/blog/blog_inner_1.jpg]
[html.themeholy.com/tourm/demo/assets/img/blog/comment-author-1.jpg]
[html.themeholy.com/tourm/demo/assets/img/blog/comment-author-2.jpg]
[html.themeholy.com/tourm/demo/assets/img/blog/comment-author-3.jpg]
[html.themeholy.com/tourm/demo/assets/img/icon/plane2.svg]
[html.themeholy.com/tourm/demo/assets/img/theme-img/map.svg]
[html.themeholy.com/tourm/demo/assets/img/blog/recent-post-1-3.jpg]
[html.themeholy.com/tourm/demo/assets/img/bg/widget_bg_1.jpg]
[html.themeholy.com/tourm/demo/assets/img/shape/shape_8.png]
[html.themeholy.com/tourm/demo/blog-details.html]
[html.themeholy.com/tourm/demo/assets/img/logo-white.svg]
[html.themeholy.com/tourm/demo/assets/img/blog/blog-s-1-1.jpg]
[html.themeholy.com/tourm/demo/assets/img/blog/blog-s-1-2.jpg]
[html.themeholy.com/tourm/demo/assets/img/icon/arrow-right4.svg]
[html.themeholy.com/tourm/demo/blog.html]
[html.themeholy.com/tourm/demo/assets/img/icon/phone.svg]
[html.themeholy.com/tourm/demo/assets/img/icon/envelope.svg]
[html.themeholy.com/tourm/demo/assets/img/icon/location-dot.svg]
[html.themeholy.com/tourm/demo/assets/img/bg/line-pattern.png]
[html.themeholy.com/tourm/demo/assets/img/hero/hero_bg_2_1.jpg]
[html.themeholy.com/tourm/demo/assets/img/hero/hero-video.mp4]
[html.themeholy.com/tourm/demo/assets/img/hero/hero_bg_2_3.jpg]
[html.themeholy.com/tourm/demo/assets/img/icon/hero-arrow-left.svg]
[html.themeholy.com/tourm/demo/assets/img/icon/hero-arrow-right.svg]
[html.themeholy.com/tourm/demo/assets/img/hero/hero_bg_2_2.jpg]
[html.themeholy.com/tourm/demo/assets/img/icon/down-arrow.svg]
[html.themeholy.com/tourm/demo/assets/img/bg/line-pattern2.png]
[html.themeholy.com/tourm/demo/assets/img/destination/destination_2_1.jpg]
[html.themeholy.com/tourm/demo/assets/img/destination/destination_2_2.jpg]
[html.themeholy.com/tourm/demo/assets/img/destination/destination_2_3.jpg]
[html.themeholy.com/tourm/demo/assets/img/destination/destination_2_4.jpg]
[html.themeholy.com/tourm/demo/assets/img/shape/shape_2_1.png]
[html.themeholy.com/tourm/demo/assets/img/shape/shape_2_2.png]
[html.themeholy.com/tourm/demo/assets/img/shape/shape_2_3.png]
[html.themeholy.com/tourm/demo/assets/img/shape/shape_2_4.png]
[html.themeholy.com/tourm/demo/assets/img/normal/offer_img_2.jpg]
[html.themeholy.com/tourm/demo/assets/img/normal/offer_img_3.jpg]
[html.themeholy.com/tourm/demo/assets/img/normal/offer_img_4.jpg]
[html.themeholy.com/tourm/demo/assets/img/normal/offer_img_5.jpg]
[html.themeholy.com/tourm/demo/assets/img/normal/offer_img_1.jpg]
[html.themeholy.com/tourm/demo/assets/img/bg/tour_bg_2.jpg]
[html.themeholy.com/tourm/demo/assets/img/tour/tour_2_1.jpg]
[html.themeholy.com/tourm/demo/assets/img/tour/tour_2_2.jpg]
[html.themeholy.com/tourm/demo/assets/img/tour/tour_2_3.jpg]
[html.themeholy.com/tourm/demo/assets/img/tour/tour_2_4.jpg]
[html.themeholy.com/tourm/demo/assets/img/shape/shape_2_5.png]
[html.themeholy.com/tourm/demo/assets/img/bg/gallery_bg_1.jpg]
[html.themeholy.com/tourm/demo/assets/img/gallery/gallery_2_1.jpg]
[html.themeholy.com/tourm/demo/assets/img/gallery/gallery_2_2.jpg]
[html.themeholy.com/tourm/demo/assets/img/gallery/gallery_2_3.jpg]
[html.themeholy.com/tourm/demo/assets/img/gallery/gallery_2_4.jpg]
[html.themeholy.com/tourm/demo/assets/img/gallery/gallery_2_5.jpg]
[html.themeholy.com/tourm/demo/assets/img/gallery/gallery_2_6.jpg]
[html.themeholy.com/tourm/demo/assets/img/bg/map.png]
[html.themeholy.com/tourm/demo/assets/img/testimonial/testi_2_1.png]
[html.themeholy.com/tourm/demo/assets/img/testimonial/testi_2_2.png]
[html.themeholy.com/tourm/demo/assets/img/testimonial/testi_2_3.png]
[html.themeholy.com/tourm/demo/assets/img/testimonial/testi_2_4.png]
[html.themeholy.com/tourm/demo/assets/img/testimonial/testi_2_5.png]
[html.themeholy.com/tourm/demo/assets/img/blog/blog_2_1.jpg]
[html.themeholy.com/tourm/demo/assets/img/blog/blog_2_2.jpg]
[html.themeholy.com/tourm/demo/assets/img/blog/blog_2_3.jpg]
[html.themeholy.com/tourm/demo/home-tour.html]
[html.themeholy.com/tourm/demo/assets/img/logo-white2.svg]
[html.themeholy.com/tourm/demo/assets/img/icon/menu.svg]
[html.themeholy.com/tourm/demo/assets/img/hero/hero_bg_3_1.jpg]
[html.themeholy.com/tourm/demo/assets/img/hero/hero_bg_3_2.jpg]
[html.themeholy.com/tourm/demo/assets/img/hero/hero_bg_3_3.jpg]
[html.themeholy.com/tourm/demo/assets/img/hero/hero_bg_3_4.jpg]
[html.themeholy.com/tourm/demo/assets/img/hero/hero-video3.mp4]
[html.themeholy.com/tourm/demo/assets/img/hero/hero_bg_3_5.jpg]
[html.themeholy.com/tourm/demo/assets/img/bg/line-pattern3.png]
[html.themeholy.com/tourm/demo/assets/img/destination/destination_3_1.jpg]
[html.themeholy.com/tourm/demo/assets/img/destination/destination_3_2.jpg]
[html.themeholy.com/tourm/demo/assets/img/destination/destination_3_3.jpg]
[html.themeholy.com/tourm/demo/assets/img/destination/destination_3_4.jpg]
[html.themeholy.com/tourm/demo/assets/img/normal/about_3_1.jpg]
[html.themeholy.com/tourm/demo/assets/img/normal/about_3_2.jpg]
[html.themeholy.com/tourm/demo/assets/img/normal/about_3_3.jpg]
[html.themeholy.com/tourm/demo/assets/img/icon/about_1_1.svg]
[html.themeholy.com/tourm/demo/assets/img/icon/about_1_2.svg]
[html.themeholy.com/tourm/demo/assets/img/icon/about_1_3.svg]
[html.themeholy.com/tourm/demo/assets/img/shape/car_1.png]
[html.themeholy.com/tourm/demo/assets/img/shape/tree_1.png]
[html.themeholy.com/tourm/demo/assets/img/icon/tour_icon_1.svg]
[html.themeholy.com/tourm/demo/assets/img/icon/tour_icon_2.svg]
[html.themeholy.com/tourm/demo/assets/img/icon/tour_icon_3.svg]
[html.themeholy.com/tourm/demo/assets/img/tour/tour_box_5.jpg]
[html.themeholy.com/tourm/demo/assets/img/tour/tour_box_6.jpg]
[html.themeholy.com/tourm/demo/assets/img/tour/tour_box_7.jpg]
[html.themeholy.com/tourm/demo/assets/img/tour/tour_box_8.jpg]
[html.themeholy.com/tourm/demo/assets/img/tour/tour_box_9.jpg]
[html.themeholy.com/tourm/demo/assets/img/tour/tour_box_10.jpg]
[html.themeholy.com/tourm/demo/assets/img/tour/tour_box_11.jpg]
[html.themeholy.com/tourm/demo/assets/img/tour/tour_box_12.jpg]
[html.themeholy.com/tourm/demo/assets/img/tour/tour_box_13.jpg]
[html.themeholy.com/tourm/demo/assets/img/tour/tour_box_14.jpg]
[html.themeholy.com/tourm/demo/assets/img/tour/tour_box_15.jpg]
[html.themeholy.com/tourm/demo/assets/img/tour/tour_box_16.jpg]
[html.themeholy.com/tourm/demo/assets/img/tour/tour_box_17.jpg]
[html.themeholy.com/tourm/demo/assets/img/tour/tour_box_18.jpg]
[html.themeholy.com/tourm/demo/assets/img/tour/tour_box_19.jpg]
[html.themeholy.com/tourm/demo/assets/img/tour/tour_box_20.jpg]
[html.themeholy.com/tourm/demo/assets/img/gallery/gallery_3_1.jpg]
[html.themeholy.com/tourm/demo/assets/img/gallery/gallery_3_2.jpg]
[html.themeholy.com/tourm/demo/assets/img/gallery/gallery_3_4.jpg]
[html.themeholy.com/tourm/demo/assets/img/gallery/gallery_3_3.jpg]
[html.themeholy.com/tourm/demo/assets/img/gallery/gallery_3_5.jpg]
[html.themeholy.com/tourm/demo/assets/img/gallery/gallery_3_6.jpg]
[html.themeholy.com/tourm/demo/assets/img/bg/team_bg_2.jpg]
[html.themeholy.com/tourm/demo/assets/img/team/team_img_1.jpg]
[html.themeholy.com/tourm/demo/assets/img/team/team_img_2.jpg]
[html.themeholy.com/tourm/demo/assets/img/team/team_img_3.jpg]
[html.themeholy.com/tourm/demo/assets/img/team/team_1_5.jpg]
[html.themeholy.com/tourm/demo/assets/img/team/team_1_6.jpg]
[html.themeholy.com/tourm/demo/assets/img/icon/right-arrow2.svg]
[html.themeholy.com/tourm/demo/assets/img/icon/left-arrow2.svg]
[html.themeholy.com/tourm/demo/assets/img/bg/contact_bg_1.jpg]
[html.themeholy.com/tourm/demo/assets/img/icon/user.svg]
[html.themeholy.com/tourm/demo/assets/img/icon/mail.svg]
[html.themeholy.com/tourm/demo/assets/img/icon/chat.svg]
[html.themeholy.com/tourm/demo/assets/img/icon/plane3.svg]
[html.themeholy.com/tourm/demo/assets/img/icon/call.svg]
[html.themeholy.com/tourm/demo/assets/img/testimonial/testi_3_1.png]
[html.themeholy.com/tourm/demo/assets/img/testimonial/testi_3_2.png]
[html.themeholy.com/tourm/demo/assets/img/testimonial/testi_3_3.png]
[html.themeholy.com/tourm/demo/assets/img/testimonial/testi_3_4.png]
[html.themeholy.com/tourm/demo/assets/img/testimonial/testi_3_5.png]
[html.themeholy.com/tourm/demo/assets/img/testimonial/testi_3_6.png]
[html.themeholy.com/tourm/demo/assets/img/blog/blog_3_1.jpg]
[html.themeholy.com/tourm/demo/assets/img/blog/blog_3_2.jpg]
[html.themeholy.com/tourm/demo/assets/img/blog/blog_3_3.jpg]
[html.themeholy.com/tourm/demo/assets/img/shape/shape_9.png]
[html.themeholy.com/tourm/demo/home-agency.html]
[html.themeholy.com/tourm/demo/assets/img/menu_bg_mask.png]
[html.themeholy.com/tourm/demo/assets/img/logo4.svg]
[html.themeholy.com/tourm/demo/assets/img/bg/hero_bg_4_1.png]
[html.themeholy.com/tourm/demo/assets/img/shape/shape_10.png]
[html.themeholy.com/tourm/demo/assets/img/shape/shape_11.png]
[html.themeholy.com/tourm/demo/assets/img/shape/shape_12.png]
[html.themeholy.com/tourm/demo/assets/img/normal/about_2_1.jpg]
[html.themeholy.com/tourm/demo/assets/img/normal/about_2_2.jpg]
[html.themeholy.com/tourm/demo/assets/img/bg/shape_bg_1.png]
[html.themeholy.com/tourm/demo/assets/img/tour/tour-1_1.jpg]
[html.themeholy.com/tourm/demo/assets/img/tour/tour-1_2.jpg]
[html.themeholy.com/tourm/demo/assets/img/tour/tour-1_3.jpg]
[html.themeholy.com/tourm/demo/assets/img/gallery/gallery_8_1.jpg]
[html.themeholy.com/tourm/demo/assets/img/gallery/gallery_8_2.jpg]
[html.themeholy.com/tourm/demo/assets/img/gallery/gallery_8_3.jpg]
[html.themeholy.com/tourm/demo/assets/img/gallery/gallery_8_4.jpg]
[html.themeholy.com/tourm/demo/assets/img/gallery/gallery_8_5.jpg]
[html.themeholy.com/tourm/demo/assets/img/gallery/gallery_8_6.jpg]
[html.themeholy.com/tourm/demo/assets/img/gallery/gallery_8_7.jpg]
[html.themeholy.com/tourm/demo/assets/img/gallery/gallery_8_8.jpg]
[html.themeholy.com/tourm/demo/assets/img/team/team_img_1_1.jpg]
[html.themeholy.com/tourm/demo/assets/img/team/team_2_1.jpg]
[html.themeholy.com/tourm/demo/assets/img/team/team_img_1_2.jpg]
[html.themeholy.com/tourm/demo/assets/img/team/team_2_2.jpg]
[html.themeholy.com/tourm/demo/assets/img/team/team_img_1_3.jpg]
[html.themeholy.com/tourm/demo/assets/img/team/team_2_3.jpg]
[html.themeholy.com/tourm/demo/assets/img/bg/contact_bg_2.jpg]
[html.themeholy.com/tourm/demo/assets/img/shape/shape_2_6.png]
[html.themeholy.com/tourm/demo/assets/img/shape/shape_2_7.png]
[html.themeholy.com/tourm/demo/assets/img/shape/shape_2_8.png]
[html.themeholy.com/tourm/demo/assets/img/shape/shape_2_9.png]
[html.themeholy.com/tourm/demo/assets/img/blog/blog_4_1.jpg]
[html.themeholy.com/tourm/demo/assets/img/blog/blog_4_2.jpg]
[html.themeholy.com/tourm/demo/assets/img/blog/blog_4_3.jpg]
[html.themeholy.com/tourm/demo/assets/img/shape/shape_13.png]
[html.themeholy.com/tourm/demo/assets/img/shape/shape_14.png]
[html.themeholy.com/tourm/demo/assets/img/shape/shape_15.png]
[html.themeholy.com/tourm/demo/assets/img/logo5.svg]
[html.themeholy.com/tourm/demo/assets/img/widget/gallery_2_1.jpg]
[html.themeholy.com/tourm/demo/assets/img/widget/gallery_2_2.jpg]
[html.themeholy.com/tourm/demo/assets/img/widget/gallery_2_3.jpg]
[html.themeholy.com/tourm/demo/assets/img/widget/gallery_2_4.jpg]
[html.themeholy.com/tourm/demo/assets/img/widget/gallery_2_5.jpg]
[html.themeholy.com/tourm/demo/assets/img/widget/gallery_2_6.jpg]
[html.themeholy.com/tourm/demo/assets/img/shape/footer4-shape.png]
[html.themeholy.com/tourm/demo/assets/img/shape/footer4-shape2.png]
[html.themeholy.com/tourm/demo/home-yacht.html]
[html.themeholy.com/tourm/demo/assets/img/bg/hero_bg_5_1.png]
[html.themeholy.com/tourm/demo/assets/img/hero/hero_5_1_1.jpg]
[html.themeholy.com/tourm/demo/assets/img/hero/hero_5_2_1.jpg]
[html.themeholy.com/tourm/demo/assets/img/hero/hero_5_1_2.jpg]
[html.themeholy.com/tourm/demo/assets/img/hero/hero_5_2_2.jpg]
[html.themeholy.com/tourm/demo/assets/img/hero/hero_5_1_3.jpg]
[html.themeholy.com/tourm/demo/assets/img/hero/hero_5_2_3.jpg]
[html.themeholy.com/tourm/demo/assets/img/shape/client-img-1-1.png]
[html.themeholy.com/tourm/demo/assets/img/shape/client-img-1-2.png]
[html.themeholy.com/tourm/demo/assets/img/shape/client-img-1-3.png]
[html.themeholy.com/tourm/demo/assets/img/category/category_2_1.jpg]
[html.themeholy.com/tourm/demo/assets/img/category/category_2_2.jpg]
[html.themeholy.com/tourm/demo/assets/img/category/category_2_3.jpg]
[html.themeholy.com/tourm/demo/assets/img/category/category_2_4.jpg]
[html.themeholy.com/tourm/demo/assets/img/category/category_2_5.jpg]
[html.themeholy.com/tourm/demo/assets/img/normal/about_4_1.jpg]
[html.themeholy.com/tourm/demo/assets/img/normal/about_4_2.jpg]
[html.themeholy.com/tourm/demo/assets/img/normal/about-slide-img2.png]
[html.themeholy.com/tourm/demo/assets/img/tour/tour_6_1.jpg]
[html.themeholy.com/tourm/demo/assets/img/tour/tour_6_2.jpg]
[html.themeholy.com/tourm/demo/assets/img/tour/tour_6_3.jpg]
[html.themeholy.com/tourm/demo/assets/img/tour/tour_6_4.jpg]
[html.themeholy.com/tourm/demo/assets/img/bg/cta_bg_2.jpg]
[html.themeholy.com/tourm/demo/assets/img/normal/app_mockup.png]
[html.themeholy.com/tourm/demo/assets/img/normal/about-slide-img3.png]
[html.themeholy.com/tourm/demo/assets/img/shape/shape_16.png]
[html.themeholy.com/tourm/demo/assets/img/testimonial/testi-img-1.jpg]
[html.themeholy.com/tourm/demo/assets/img/testimonial/testi-img-2.jpg]
[html.themeholy.com/tourm/demo/assets/img/testimonial/testi_4_1.png]
[html.themeholy.com/tourm/demo/assets/img/testimonial/testi_4_2.png]
[html.themeholy.com/tourm/demo/assets/img/testimonial/testi_4_3.png]
[html.themeholy.com/tourm/demo/assets/img/testimonial/testi_4_4.png]
[html.themeholy.com/tourm/demo/assets/img/shape/shape_17.png]
[html.themeholy.com/tourm/demo/assets/img/shape/shape_18.png]
[html.themeholy.com/tourm/demo/assets/img/bg/contact_bg_3.jpg]
[html.themeholy.com/tourm/demo/assets/img/blog/blog_5_1.jpg]
[html.themeholy.com/tourm/demo/assets/img/blog/blog_5_2.jpg]
[html.themeholy.com/tourm/demo/assets/img/blog/blog_5_3.jpg]
[html.themeholy.com/tourm/demo/assets/img/gallery/gallery_9_1.jpg]
[html.themeholy.com/tourm/demo/assets/img/gallery/gallery_9_2.jpg]
[html.themeholy.com/tourm/demo/assets/img/gallery/gallery_9_3.jpg]
[html.themeholy.com/tourm/demo/assets/img/gallery/gallery_9_4.jpg]
[html.themeholy.com/tourm/demo/assets/img/gallery/gallery_9_5.jpg]
[html.themeholy.com/tourm/demo/assets/img/gallery/gallery_9_6.jpg]
[html.themeholy.com/tourm/demo/home-beach.html]
[html.themeholy.com/tourm/demo/assets/img/icon/menu2.svg]
[html.themeholy.com/tourm/demo/assets/img/hero/hero_6_1.jpg]
[html.themeholy.com/tourm/demo/assets/img/hero/hero_6_2.jpg]
[html.themeholy.com/tourm/demo/assets/img/hero/hero_6_3.jpg]
[html.themeholy.com/tourm/demo/assets/img/destination/destination_5_1.jpg]
[html.themeholy.com/tourm/demo/assets/img/destination/destination_5_2.jpg]
[html.themeholy.com/tourm/demo/assets/img/destination/destination_5_3.jpg]
[html.themeholy.com/tourm/demo/assets/img/icon/feature_1_1.svg]
[html.themeholy.com/tourm/demo/assets/img/icon/feature_1_2.svg]
[html.themeholy.com/tourm/demo/assets/img/icon/feature_1_3.svg]
[html.themeholy.com/tourm/demo/assets/img/icon/feature_1_4.svg]
[html.themeholy.com/tourm/demo/assets/img/normal/about_5_1.jpg]
[html.themeholy.com/tourm/demo/assets/img/normal/resort_1_1.jpg]
[html.themeholy.com/tourm/demo/assets/img/normal/resort_1_2.jpg]
[html.themeholy.com/tourm/demo/assets/img/normal/resort_1_3.jpg]
[html.themeholy.com/tourm/demo/assets/img/bg/contact_bg_5.jpg]
[html.themeholy.com/tourm/demo/assets/img/blog/blog_6_1.jpg]
[html.themeholy.com/tourm/demo/assets/img/blog/blog_6_2.jpg]
[html.themeholy.com/tourm/demo/assets/img/blog/blog_6_3.jpg]
[html.themeholy.com/tourm/demo/assets/img/gallery/gallery_10_1.jpg]
[html.themeholy.com/tourm/demo/assets/img/gallery/gallery_10_2.jpg]
[html.themeholy.com/tourm/demo/assets/img/gallery/gallery_10_3.jpg]
[html.themeholy.com/tourm/demo/assets/img/gallery/gallery_10_4.jpg]
[html.themeholy.com/tourm/demo/assets/img/gallery/gallery_10_5.jpg]
[html.themeholy.com/tourm/demo/assets/img/gallery/gallery_10_6.jpg]
[html.themeholy.com/tourm/demo/assets/img/shape/shape_2_10.png]
[html.themeholy.com/tourm/demo/home-resort.html]
[html.themeholy.com/tourm/demo/assets/img/bg/hero_bg_7_1.jpg]
[html.themeholy.com/tourm/demo/assets/img/category/category_3_1.jpg]
[html.themeholy.com/tourm/demo/assets/img/category/category_3_2.jpg]
[html.themeholy.com/tourm/demo/assets/img/category/category_3_3.jpg]
[html.themeholy.com/tourm/demo/assets/img/category/category_3_4.jpg]
[html.themeholy.com/tourm/demo/assets/img/category/category_3_5.jpg]
[html.themeholy.com/tourm/demo/assets/img/bg/about_bg_1.jpg]
[html.themeholy.com/tourm/demo/assets/img/normal/about_6_1.jpg]
[html.themeholy.com/tourm/demo/assets/img/normal/about_6_2.jpg]
[html.themeholy.com/tourm/demo/assets/img/normal/about_6_3.jpg]
[html.themeholy.com/tourm/demo/assets/img/tour/tour_7_1.jpg]
[html.themeholy.com/tourm/demo/assets/img/tour/tour_7_2.jpg]
[html.themeholy.com/tourm/demo/assets/img/tour/tour_7_3.jpg]
[html.themeholy.com/tourm/demo/assets/img/tour/tour_7_4.jpg]
[html.themeholy.com/tourm/demo/assets/img/bg/contact_bg_6.jpg]
[html.themeholy.com/tourm/demo/assets/img/destination/destination_6_1.jpg]
[html.themeholy.com/tourm/demo/assets/img/destination/destination_6_2.jpg]
[html.themeholy.com/tourm/demo/assets/img/destination/destination_6_3.jpg]
[html.themeholy.com/tourm/demo/assets/img/destination/destination_6_4.jpg]
[html.themeholy.com/tourm/demo/assets/img/destination/destination_6_5.jpg]
[html.themeholy.com/tourm/demo/assets/img/shape/testi-shape.png]
[html.themeholy.com/tourm/demo/assets/img/blog/blog_7_1.jpg]
[html.themeholy.com/tourm/demo/assets/img/blog/blog_7_2.jpg]
[html.themeholy.com/tourm/demo/assets/img/blog/blog_7_3.jpg]
[html.themeholy.com/tourm/demo/assets/img/bg/footer_bg_1.jpg]
[html.themeholy.com/tourm/demo/home-countryside-hotel.html]
[html.themeholy.com/tourm/demo/assets/img/bg/hero_bg_8_1.png]
[html.themeholy.com/tourm/demo/assets/img/hero/hero_8_1.jpg]
[html.themeholy.com/tourm/demo/assets/img/hero/hero_8_2.jpg]
[html.themeholy.com/tourm/demo/assets/img/hero/hero_8_3.jpg]
[html.themeholy.com/tourm/demo/assets/img/normal/about_7_1.jpg]
[html.themeholy.com/tourm/demo/assets/img/normal/about_7_2.jpg]
[html.themeholy.com/tourm/demo/assets/img/normal/about_7_3.jpg]
[html.themeholy.com/tourm/demo/assets/img/tour/tour_8_1.jpg]
[html.themeholy.com/tourm/demo/assets/img/tour/tour_8_2.jpg]
[html.themeholy.com/tourm/demo/assets/img/tour/tour_8_3.jpg]
[html.themeholy.com/tourm/demo/assets/img/tour/tour_8_4.jpg]
[html.themeholy.com/tourm/demo/assets/img/bg/destination_bg_1.png]
[html.themeholy.com/tourm/demo/assets/img/destination/destination_7_1.jpg]
[html.themeholy.com/tourm/demo/assets/img/destination/destination_7_2.jpg]
[html.themeholy.com/tourm/demo/assets/img/destination/destination_7_3.jpg]
[html.themeholy.com/tourm/demo/assets/img/testimonial/testi_shape_1.png]
[html.themeholy.com/tourm/demo/assets/img/testimonial/testi-img1.jpg]
[html.themeholy.com/tourm/demo/assets/img/testimonial/testi-img2.jpg]
[html.themeholy.com/tourm/demo/assets/img/shape/shape_21.png]
[html.themeholy.com/tourm/demo/assets/img/icon/choose_1_1.svg]
[html.themeholy.com/tourm/demo/assets/img/icon/choose_1_2.svg]
[html.themeholy.com/tourm/demo/assets/img/icon/choose_1_3.svg]
[html.themeholy.com/tourm/demo/assets/img/normal/choose_1.jpg]
[html.themeholy.com/tourm/demo/assets/img/normal/choose_2.jpg]
[html.themeholy.com/tourm/demo/assets/img/normal/choose_3.jpg]
[html.themeholy.com/tourm/demo/assets/img/normal/choose_4.jpg]
[html.themeholy.com/tourm/demo/assets/img/shape/shape_19.png]
[html.themeholy.com/tourm/demo/assets/img/shape/shape_20.png]
[html.themeholy.com/tourm/demo/assets/img/bg/contact_bg_7.jpg]
[html.themeholy.com/tourm/demo/assets/img/blog/blog_8_1.jpg]
[html.themeholy.com/tourm/demo/assets/img/blog/blog_8_2.jpg]
[html.themeholy.com/tourm/demo/assets/img/blog/blog_8_3.jpg]
[html.themeholy.com/tourm/demo/assets/img/bg/footer_bg-2.png]
[html.themeholy.com/tourm/demo/assets/img/gallery/gallery_12_2.jpg]
[html.themeholy.com/tourm/demo/assets/img/gallery/gallery_12_3.jpg]
[html.themeholy.com/tourm/demo/assets/img/gallery/gallery_12_4.jpg]
[html.themeholy.com/tourm/demo/assets/img/gallery/gallery_12_5.jpg]
[html.themeholy.com/tourm/demo/assets/img/gallery/gallery_12_6.jpg]
[html.themeholy.com/tourm/demo/assets/img/shape/shape_2_11.png]
[html.themeholy.com/tourm/demo/home-forest.html]
[html.themeholy.com/tourm/demo/assets/img/destination/destination_4_1.jpg]
[html.themeholy.com/tourm/demo/assets/img/destination/destination_4_2.jpg]
[html.themeholy.com/tourm/demo/assets/img/destination/destination_4_3.jpg]
[html.themeholy.com/tourm/demo/assets/img/destination/destination_4_4.jpg]
[html.themeholy.com/tourm/demo/assets/img/destination/destination_4_5.jpg]
[html.themeholy.com/tourm/demo/assets/img/destination/destination_4_6.jpg]
[html.themeholy.com/tourm/demo/assets/img/destination/destination_4_7.jpg]
[html.themeholy.com/tourm/demo/assets/img/destination/destination_4_8.jpg]
[html.themeholy.com/tourm/demo/assets/img/gallery/gallery_4_1.jpg]
[html.themeholy.com/tourm/demo/assets/img/gallery/gallery_4_2.jpg]
[html.themeholy.com/tourm/demo/assets/img/gallery/gallery_4_3.jpg]
[html.themeholy.com/tourm/demo/assets/img/gallery/gallery_4_4.jpg]
[html.themeholy.com/tourm/demo/assets/img/gallery/gallery_4_5.jpg]
[html.themeholy.com/tourm/demo/about.html]
[html.themeholy.com/tourm/demo/assets/img/tour/tour_3_1.jpg]
[html.themeholy.com/tourm/demo/assets/img/tour/tour_3_2.jpg]
[html.themeholy.com/tourm/demo/assets/img/tour/tour_3_3.jpg]
[html.themeholy.com/tourm/demo/assets/img/tour/tour_3_4.jpg]
[html.themeholy.com/tourm/demo/assets/img/tour/tour_3_5.jpg]
[html.themeholy.com/tourm/demo/assets/img/tour/tour_3_6.jpg]
[html.themeholy.com/tourm/demo/assets/img/tour/tour_3_7.jpg]
[html.themeholy.com/tourm/demo/assets/img/tour/tour_3_8.jpg]
[html.themeholy.com/tourm/demo/assets/img/tour/tour_3_9.jpg]
[html.themeholy.com/tourm/demo/destination.html]
[html.themeholy.com/tourm/demo/assets/img/destination/destination-details.jpg]
[html.themeholy.com/tourm/demo/assets/img/destination/destination-inner-1.jpg]
[html.themeholy.com/tourm/demo/assets/img/gallery/gallery_6_1.jpg]
[html.themeholy.com/tourm/demo/assets/img/gallery/gallery_6_2.jpg]
[html.themeholy.com/tourm/demo/assets/img/gallery/gallery_6_3.jpg]
[html.themeholy.com/tourm/demo/assets/img/gallery/gallery_6_4.jpg]
[html.themeholy.com/tourm/demo/assets/img/blog/comment-author-4.jpg]
[html.themeholy.com/tourm/demo/assets/img/blog/comment-author-5.jpg]
[html.themeholy.com/tourm/demo/destination-details.html]
[html.themeholy.com/tourm/demo/assets/img/icon/price_1_1.svg]
[html.themeholy.com/tourm/demo/assets/img/icon/price_1_2.svg]
[html.themeholy.com/tourm/demo/assets/img/icon/price_1_3.svg]
[html.themeholy.com/tourm/demo/service.html]
[html.themeholy.com/tourm/demo/service-details.html]
[html.themeholy.com/tourm/demo/assets/img/tour/tour_5_1.jpg]
[html.themeholy.com/tourm/demo/assets/img/tour/tour_5_2.jpg]
[html.themeholy.com/tourm/demo/assets/img/tour/tour_5_3.jpg]
[html.themeholy.com/tourm/demo/assets/img/tour/tour_5_4.jpg]
[html.themeholy.com/tourm/demo/assets/img/tour/tour_5_5.jpg]
[html.themeholy.com/tourm/demo/assets/img/tour/tour_5_6.jpg]
[html.themeholy.com/tourm/demo/assets/img/tour/tour_5_7.jpg]
[html.themeholy.com/tourm/demo/assets/img/tour/tour_5_8.jpg]
[html.themeholy.com/tourm/demo/activities.html]
[html.themeholy.com/tourm/demo/assets/img/tour/tour_inner_2_1.jpg]
[html.themeholy.com/tourm/demo/assets/img/tour/tour_inner_2_2.jpg]
[html.themeholy.com/tourm/demo/assets/img/tour/tour_inner_2_3.jpg]
[html.themeholy.com/tourm/demo/assets/img/tour/tour_inner_2_4.jpg]
[html.themeholy.com/tourm/demo/assets/img/icon/guide2.svg]
[html.themeholy.com/tourm/demo/assets/img/icon/ship.svg]
[html.themeholy.com/tourm/demo/assets/img/icon/01.svg]
[html.themeholy.com/tourm/demo/assets/img/icon/location-dot3.svg]
[html.themeholy.com/tourm/demo/activities-details.html]
[html.themeholy.com/tourm/demo/assets/img/product/product_details_1_1.png]
[html.themeholy.com/tourm/demo/assets/img/product/product_1_1.png]
[html.themeholy.com/tourm/demo/assets/img/product/product_1_2.png]
[html.themeholy.com/tourm/demo/assets/img/product/product_1_3.png]
[html.themeholy.com/tourm/demo/assets/img/product/product_1_4.png]
[html.themeholy.com/tourm/demo/assets/img/product/product_1_5.png]
[html.themeholy.com/tourm/demo/assets/img/product/product_1_6.png]
[html.themeholy.com/tourm/demo/assets/img/product/product_1_7.png]
[html.themeholy.com/tourm/demo/assets/img/product/product_1_8.png]
[html.themeholy.com/tourm/demo/shop.html]
[html.themeholy.com/tourm/demo/shop-details.html]
[html.themeholy.com/tourm/demo/cart.html]
[html.themeholy.com/tourm/demo/checkout.html]
[html.themeholy.com/tourm/demo/wishlist.html]
[html.themeholy.com/tourm/demo/gallery.html]
[html.themeholy.com/tourm/demo/assets/img/tour/tour_4_1.jpg]
[html.themeholy.com/tourm/demo/assets/img/tour/tour_4_2.jpg]
[html.themeholy.com/tourm/demo/assets/img/tour/tour_4_3.jpg]
[html.themeholy.com/tourm/demo/assets/img/tour/tour_4_4.jpg]
[html.themeholy.com/tourm/demo/assets/img/tour/tour_4_5.jpg]
[html.themeholy.com/tourm/demo/assets/img/tour/tour_4_6.jpg]
[html.themeholy.com/tourm/demo/assets/img/tour/tour_4_7.jpg]
[html.themeholy.com/tourm/demo/assets/img/tour/tour_4_8.jpg]
[html.themeholy.com/tourm/demo/tour.html]
[html.themeholy.com/tourm/demo/assets/img/tour/tour_inner_1.jpg]
[html.themeholy.com/tourm/demo/assets/img/tour/tour_inner_2.jpg]
[html.themeholy.com/tourm/demo/assets/img/tour/tour_inner_3.jpg]
[html.themeholy.com/tourm/demo/assets/img/gallery/gallery_5_1.jpg]
[html.themeholy.com/tourm/demo/assets/img/gallery/gallery_5_2.jpg]
[html.themeholy.com/tourm/demo/assets/img/gallery/gallery_5_3.jpg]
[html.themeholy.com/tourm/demo/assets/img/gallery/gallery_5_4.jpg]
[html.themeholy.com/tourm/demo/assets/img/gallery/gallery_5_5.jpg]
[html.themeholy.com/tourm/demo/tour-details.html]
[html.themeholy.com/tourm/demo/resort.html]
[html.themeholy.com/tourm/demo/assets/img/normal/resort-details.jpg]
[html.themeholy.com/tourm/demo/assets/img/icon/resort-icon1-1.svg]
[html.themeholy.com/tourm/demo/assets/img/icon/resort-icon1-2.svg]
[html.themeholy.com/tourm/demo/assets/img/icon/resort-icon1-3.svg]
[html.themeholy.com/tourm/demo/assets/img/icon/resort-icon1-4.svg]
[html.themeholy.com/tourm/demo/assets/img/icon/resort-icon1-5.svg]
[html.themeholy.com/tourm/demo/assets/img/icon/resort-icon1-6.svg]
[html.themeholy.com/tourm/demo/assets/img/icon/resort-icon1-7.svg]
[html.themeholy.com/tourm/demo/assets/img/icon/resort-icon1-8.svg]
[html.themeholy.com/tourm/demo/assets/img/icon/resort-icon1-9.svg]
[html.themeholy.com/tourm/demo/assets/img/icon/resort-icon1-10.svg]
[html.themeholy.com/tourm/demo/resort-details.html]
[html.themeholy.com/tourm/demo/assets/img/team/team_img_4.jpg]
[html.themeholy.com/tourm/demo/assets/img/team/team_img_5.jpg]
[html.themeholy.com/tourm/demo/assets/img/team/team_img_6.jpg]
[html.themeholy.com/tourm/demo/tour-guide.html]
[html.themeholy.com/tourm/demo/assets/img/icon/location-dot2.svg]
[html.themeholy.com/tourm/demo/tour-guider-details.html]
[html.themeholy.com/tourm/demo/assets/img/bg/tour_bg_3.jpg]
[html.themeholy.com/tourm/demo/faq.html]
[html.themeholy.com/tourm/demo/assets/img/bg/cta_bg_1.png]
[html.themeholy.com/tourm/demo/price.html]
[html.themeholy.com/tourm/demo/error.html]
[html.themeholy.com/tourm/demo/assets/img/theme-img/error.svg]
[html.themeholy.com/tourm/demo/assets/img/bg/video_bg_1.jpg]
[html.themeholy.com/tourm/demo/contact.html]
[html.themeholy.com/tourm/demo/assets/img/logo.svg]
[html.themeholy.com/tourm/demo/index-2.html]
[html.themeholy.com/tourm/demo/assets/img/hero/hero_9_1.jpg]
[html.themeholy.com/tourm/demo/assets/img/hero/hero_9_2.jpg]
[html.themeholy.com/tourm/demo/assets/img/hero/hero_9_3.jpg]
[html.themeholy.com/tourm/demo/assets/img/hero/hero_9_4.jpg]
[html.themeholy.com/tourm/demo/assets/img/hero/hero_9_5.jpg]
[html.themeholy.com/tourm/demo/assets/img/category/category_8_1.jpg]
[html.themeholy.com/tourm/demo/assets/img/category/category_8_2.jpg]
[html.themeholy.com/tourm/demo/assets/img/category/category_8_3.jpg]
[html.themeholy.com/tourm/demo/assets/img/category/category_8_4.jpg]
[html.themeholy.com/tourm/demo/assets/img/category/category_8_5.jpg]
[html.themeholy.com/tourm/demo/assets/img/category/category_8_6.jpg]
[html.themeholy.com/tourm/demo/assets/img/category/category_6_1.jpg]
[html.themeholy.com/tourm/demo/assets/img/category/category_6_2.jpg]
[html.themeholy.com/tourm/demo/assets/img/category/category_6_3.jpg]
[html.themeholy.com/tourm/demo/assets/img/category/category_6_4.jpg]
[html.themeholy.com/tourm/demo/assets/img/category/category_6_5.jpg]
[html.themeholy.com/tourm/demo/assets/img/category/category_6_6.jpg]
[html.themeholy.com/tourm/demo/assets/img/category/category_9_1.jpg]
[html.themeholy.com/tourm/demo/assets/img/category/category_9_2.jpg]
[html.themeholy.com/tourm/demo/assets/img/category/category_9_3.jpg]
[html.themeholy.com/tourm/demo/assets/img/category/category_9_4.jpg]
[html.themeholy.com/tourm/demo/assets/img/category/category_9_5.jpg]
[html.themeholy.com/tourm/demo/assets/img/category/category_9_6.jpg]
[html.themeholy.com/tourm/demo/assets/img/category/category_7_1.jpg]
[html.themeholy.com/tourm/demo/assets/img/category/category_7_2.jpg]
[html.themeholy.com/tourm/demo/assets/img/category/category_7_3.jpg]
[html.themeholy.com/tourm/demo/assets/img/category/category_7_4.jpg]
[html.themeholy.com/tourm/demo/assets/img/category/category_7_5.jpg]
[html.themeholy.com/tourm/demo/assets/img/category/category_7_6.jpg]
[html.themeholy.com/tourm/demo/assets/img/bg/about_bg_2.jpg]
[html.themeholy.com/tourm/demo/assets/img/normal/about_8_1.jpg]
[html.themeholy.com/tourm/demo/assets/img/normal/about_8_2.jpg]
[html.themeholy.com/tourm/demo/assets/img/shape/sun.png]
[html.themeholy.com/tourm/demo/assets/img/shape/degree.png]
[html.themeholy.com/tourm/demo/assets/img/shape/client-img-2-1.png]
[html.themeholy.com/tourm/demo/assets/img/shape/client-img-2-2.png]
[html.themeholy.com/tourm/demo/assets/img/shape/client-img-2-3.png]
[html.themeholy.com/tourm/demo/assets/img/shape/client-img-2-4.png]
[html.themeholy.com/tourm/demo/assets/img/normal/about_8_3.jpg]
[html.themeholy.com/tourm/demo/assets/img/shape/car_2.png]
[html.themeholy.com/tourm/demo/assets/img/tour/tour_9_1.jpg]
[html.themeholy.com/tourm/demo/assets/img/tour/tour_9_2.jpg]
[html.themeholy.com/tourm/demo/assets/img/tour/tour_9_3.jpg]
[html.themeholy.com/tourm/demo/assets/img/tour/tour_9_4.jpg]
[html.themeholy.com/tourm/demo/assets/img/destination/destination_8_1.jpg]
[html.themeholy.com/tourm/demo/assets/img/destination/destination_8_2.jpg]
[html.themeholy.com/tourm/demo/assets/img/destination/destination_8_3.jpg]
[html.themeholy.com/tourm/demo/assets/img/bg/testi_bg_1.jpg]
[html.themeholy.com/tourm/demo/assets/img/testimonial/testi_5_1.png]
[html.themeholy.com/tourm/demo/assets/img/testimonial/testi_5_2.png]
[html.themeholy.com/tourm/demo/assets/img/testimonial/testi_5_3.png]
[html.themeholy.com/tourm/demo/assets/img/testimonial/testi-img-2_1.jpg]
[html.themeholy.com/tourm/demo/assets/img/testimonial/testi-img-2_2.jpg]
[html.themeholy.com/tourm/demo/assets/img/testimonial/testi-img-2_3.jpg]
[html.themeholy.com/tourm/demo/assets/img/icon/left-arrow3.svg]
[html.themeholy.com/tourm/demo/assets/img/team/team_3_1.jpg]
[html.themeholy.com/tourm/demo/assets/img/team/team_3_2.jpg]
[html.themeholy.com/tourm/demo/assets/img/team/team_3_3.jpg]
[html.themeholy.com/tourm/demo/assets/img/team/team_3_4.jpg]
[html.themeholy.com/tourm/demo/assets/img/team/team_3_5.jpg]
[html.themeholy.com/tourm/demo/assets/img/blog/blog_9_2.jpg]
[html.themeholy.com/tourm/demo/assets/img/blog/blog_9_3.jpg]
[html.themeholy.com/tourm/demo/home-hiking.html]
[html.themeholy.com/tourm/demo/assets/img/hero/hero_10_1.jpg]
[html.themeholy.com/tourm/demo/assets/img/hero/hero_10_2.jpg]
[html.themeholy.com/tourm/demo/assets/img/hero/hero_10_3.jpg]
[html.themeholy.com/tourm/demo/assets/img/normal/about_9_1.jpg]
[html.themeholy.com/tourm/demo/assets/img/destination/shape.png]
[html.themeholy.com/tourm/demo/assets/img/destination/destination_9_1.jpg]
[html.themeholy.com/tourm/demo/assets/img/icon/location-dot4.svg]
[html.themeholy.com/tourm/demo/assets/img/icon/left-arrow4.svg]
[html.themeholy.com/tourm/demo/assets/img/destination/destination_9_2.jpg]
[html.themeholy.com/tourm/demo/assets/img/destination/destination_9_3.jpg]
[html.themeholy.com/tourm/demo/assets/img/destination/destination_9_4.jpg]
[html.themeholy.com/tourm/demo/assets/img/normal/cta-img-6.jpg]
[html.themeholy.com/tourm/demo/assets/img/tour/tour_10_1.jpg]
[html.themeholy.com/tourm/demo/assets/img/tour/tour_10_2.jpg]
[html.themeholy.com/tourm/demo/assets/img/tour/tour_10_3.jpg]
[html.themeholy.com/tourm/demo/assets/img/tour/tour_10_4.jpg]
[html.themeholy.com/tourm/demo/assets/img/icon/choose_2_1.svg]
[html.themeholy.com/tourm/demo/assets/img/icon/choose_2_2.svg]
[html.themeholy.com/tourm/demo/assets/img/icon/choose_2_3.svg]
[html.themeholy.com/tourm/demo/assets/img/testimonial/testi_bg_1.jpg]
[html.themeholy.com/tourm/demo/assets/img/testimonial/testi_6_1.png]
[html.themeholy.com/tourm/demo/assets/img/icon/testi-quote2.svg]
[html.themeholy.com/tourm/demo/assets/img/testimonial/testi_bg_2.jpg]
[html.themeholy.com/tourm/demo/assets/img/testimonial/testi_6_2.png]
[html.themeholy.com/tourm/demo/assets/img/testimonial/testi_bg_3.jpg]
[html.themeholy.com/tourm/demo/assets/img/testimonial/testi_6_3.png]
[html.themeholy.com/tourm/demo/assets/img/blog/blog_10_1.jpg]
[html.themeholy.com/tourm/demo/assets/img/blog/blog_10_2.jpg]
[html.themeholy.com/tourm/demo/assets/img/blog/blog_10_3.jpg]
[html.themeholy.com/tourm/demo/assets/img/bg/subscribe_bg_1.png]
[html.themeholy.com/tourm/demo/assets/img/normal/newsletter-img.png]
[html.themeholy.com/tourm/demo/home-hiking-2.html]
[html.themeholy.com/tourm/demo/assets/img/icon/right-arrow.svg]
[html.themeholy.com/tourm/demo/assets/img/icon/left-arrow.svg]
[html.themeholy.com/tourm/demo/assets/img/icon/search.svg]
[html.themeholy.com/tourm/demo/assets/img/icon/map3.svg]
[html.themeholy.com/tourm/demo/assets/img/icon/guide.svg]
[html.themeholy.com/tourm/demo/assets/img/icon/testi-quote.svg]
[html.themeholy.com/tourm/demo/assets/img/brand/brand_1_1.svg]
[html.themeholy.com/tourm/demo/assets/img/brand/brand_1_2.svg]
[html.themeholy.com/tourm/demo/assets/img/brand/brand_1_3.svg]
[html.themeholy.com/tourm/demo/assets/img/brand/brand_1_4.svg]
[html.themeholy.com/tourm/demo/assets/img/brand/brand_1_5.svg]
[html.themeholy.com/tourm/demo/assets/img/brand/brand_1_6.svg]
[html.themeholy.com/tourm/demo/assets/img/brand/brand_1_7.svg]
[html.themeholy.com/tourm/demo/assets/img/brand/brand_1_8.svg]
[html.themeholy.com/tourm/demo/assets/img/icon/plane.svg]
[html.themeholy.com/tourm/demo/my-account.html]
[html.themeholy.com/tourm/demo/assets/img/icon/arrow-right.svg]
[html.themeholy.com/tourm/demo/assets/css/2218.html]
[html.themeholy.com/tourm/demo/assets/img/icon/arrow-right2.svg]
[html.themeholy.com/tourm/demo/assets/img/icon/arrow-right3.svg]
[html.themeholy.com/tourm/demo/assets/img/normal/shape.svg]
[html.themeholy.com/tourm/demo/assets/img/icon/map.svg]
[html.themeholy.com/tourm/demo/assets/img/icon/plane2.svg]
[html.themeholy.com/tourm/demo/assets/img/theme-img/map.svg]
[html.themeholy.com/tourm/demo/+256214203215.html]
[html.themeholy.com/tourm/demo/assets/img/logo-white.svg]
[html.themeholy.com/tourm/demo/assets/img/icon/arrow-right4.svg]
[html.themeholy.com/tourm/demo/assets/img/icon/hero-arrow-left.svg]
[html.themeholy.com/tourm/demo/assets/img/icon/hero-arrow-right.svg]
[html.themeholy.com/tourm/demo/assets/img/icon/down-arrow.svg]
[html.themeholy.com/tourm/demo/assets/img/logo-white2.svg]
[html.themeholy.com/tourm/demo/assets/img/icon/menu.svg]
[html.themeholy.com/tourm/demo/assets/img/icon/about_1_1.svg]
[html.themeholy.com/tourm/demo/assets/img/icon/about_1_2.svg]
[html.themeholy.com/tourm/demo/assets/img/icon/about_1_3.svg]
[html.themeholy.com/tourm/demo/assets/img/icon/tour_icon_1.svg]
[html.themeholy.com/tourm/demo/assets/img/icon/tour_icon_2.svg]
[html.themeholy.com/tourm/demo/assets/img/icon/tour_icon_3.svg]
[html.themeholy.com/tourm/demo/assets/img/icon/right-arrow2.svg]
[html.themeholy.com/tourm/demo/assets/img/icon/left-arrow2.svg]
[html.themeholy.com/tourm/demo/assets/img/icon/user.svg]
[html.themeholy.com/tourm/demo/assets/img/icon/mail.svg]
[html.themeholy.com/tourm/demo/assets/img/icon/chat.svg]
[html.themeholy.com/tourm/demo/assets/img/icon/plane3.svg]
[html.themeholy.com/tourm/demo/assets/img/icon/call.svg]
[html.themeholy.com/tourm/demo/assets/img/logo4.svg]
[html.themeholy.com/tourm/demo/assets/img/logo5.svg]
[html.themeholy.com/tourm/demo/assets/img/icon/menu2.svg]
[html.themeholy.com/tourm/demo/assets/img/icon/feature_1_1.svg]
[html.themeholy.com/tourm/demo/assets/img/icon/feature_1_2.svg]
[html.themeholy.com/tourm/demo/assets/img/icon/feature_1_3.svg]
[html.themeholy.com/tourm/demo/assets/img/icon/feature_1_4.svg]
[html.themeholy.com/tourm/demo/assets/img/icon/choose_1_1.svg]
[html.themeholy.com/tourm/demo/assets/img/icon/choose_1_2.svg]
[html.themeholy.com/tourm/demo/assets/img/icon/choose_1_3.svg]
[html.themeholy.com/tourm/demo/assets/img/icon/price_1_1.svg]
[html.themeholy.com/tourm/demo/assets/img/icon/price_1_2.svg]
[html.themeholy.com/tourm/demo/assets/img/icon/price_1_3.svg]
[html.themeholy.com/tourm/demo/assets/img/icon/guide2.svg]
[html.themeholy.com/tourm/demo/assets/img/icon/ship.svg]
[html.themeholy.com/tourm/demo/assets/img/icon/01.svg]
[html.themeholy.com/tourm/demo/assets/img/icon/location-dot3.svg]
[html.themeholy.com/tourm/demo/shop-detailis.html]
[html.themeholy.com/tourm/demo/assets/img/icon/resort-icon1-1.svg]
[html.themeholy.com/tourm/demo/assets/img/icon/resort-icon1-2.svg]
[html.themeholy.com/tourm/demo/assets/img/icon/resort-icon1-3.svg]
[html.themeholy.com/tourm/demo/assets/img/icon/resort-icon1-4.svg]
[html.themeholy.com/tourm/demo/assets/img/icon/resort-icon1-5.svg]
[html.themeholy.com/tourm/demo/assets/img/icon/resort-icon1-6.svg]
[html.themeholy.com/tourm/demo/assets/img/icon/resort-icon1-7.svg]
[html.themeholy.com/tourm/demo/assets/img/icon/resort-icon1-8.svg]
[html.themeholy.com/tourm/demo/assets/img/icon/resort-icon1-9.svg]
[html.themeholy.com/tourm/demo/assets/img/icon/resort-icon1-10.svg]
[html.themeholy.com/tourm/demo/team-details.html]
[html.themeholy.com/tourm/demo/assets/img/icon/location-dot2.svg]
[html.themeholy.com/tourm/demo/assets/img/theme-img/error.svg]
[html.themeholy.com/tourm/demo/assets/img/icon/left-arrow3.svg]
[html.themeholy.com/tourm/demo/assets/img/icon/location-dot4.svg]
[html.themeholy.com/tourm/demo/assets/img/icon/left-arrow4.svg]
[html.themeholy.com/tourm/demo/assets/img/icon/choose_2_1.svg]
[html.themeholy.com/tourm/demo/assets/img/icon/choose_2_2.svg]
[html.themeholy.com/tourm/demo/assets/img/icon/choose_2_3.svg]
[html.themeholy.com/tourm/demo/assets/img/icon/testi-quote2.svg]
